<?xml version="1.0" encoding="UTF-8"?>
<!-- Generated by org.testng.reporters.JUnitReportReporter -->
<testsuite hostname="LAPTOP-R52EH8U0" failures="0" tests="3" name="testcases.TC001" time="241.593" errors="0" timestamp="2022-02-07T12:49:40 IST" skipped="0">
  <testcase classname="testcases.TC001" name="irctcRegistration" time="76.467"/>
  <system-out/>
  <testcase classname="testcases.TC001" name="irctcRegistration" time="86.147"/>
  <system-out/>
  <testcase classname="testcases.TC001" name="irctcRegistration" time="78.979"/>
  <system-out/>
</testsuite> <!-- testcases.TC001 -->
