<?xml version="1.0" encoding="UTF-8"?>
<!-- Generated by org.testng.reporters.JUnitReportReporter -->
<testsuite hostname="LAPTOP-R52EH8U0" failures="0" tests="4" name="testng_topics.Demo" time="0.007" errors="0" timestamp="2022-01-27T07:50:42 IST" skipped="1">
  <testcase classname="testng_topics.Demo" name="m12" time="0.004"/>
  <system-out/>
  <testcase classname="testng_topics.Demo" name="m6" time="0.001"/>
  <system-out/>
  <testcase classname="testng_topics.Demo" name="m5" time="0.002"/>
  <system-out/>
  <testcase classname="testng_topics.Demo" name="m11">
    <skipped/>
  </testcase> <!-- m11 -->
  <system-out/>
</testsuite> <!-- testng_topics.Demo -->
